
Showing logs for build [32mcb-kubecd-bdd-gh-1595786532-mas-pdxcs-1[0m stage [32mfrom-build-pack[0m and container [32mstep-credential-initializer-2ndll[0m
{"level":"info","ts":1595787025.9131851,"logger":"fallback-logger","caller":"logging/config.go:69","msg":"Fetch GitHub commit ID from kodata failed: open /var/run/ko/refs/heads/0.8.0-ns-support: no such file or directory"}
{"level":"info","ts":1595787025.915855,"logger":"fallback-logger","caller":"creds-init/main.go:40","msg":"Credentials initialized."}

Showing logs for build [32mcb-kubecd-bdd-gh-1595786532-mas-pdxcs-1[0m stage [32mfrom-build-pack[0m and container [32mstep-working-dir-initializer-fzr7q[0m
{"level":"info","ts":1595787026.3112533,"logger":"fallback-logger","caller":"logging/config.go:69","msg":"Fetch GitHub commit ID from kodata failed: open /var/run/ko/HEAD: no such file or directory"}
{"level":"info","ts":1595787026.3124113,"logger":"fallback-logger","caller":"bash/main.go:64","msg":"Successfully executed command \"sh -c mkdir -p /workspace/source\"; output "}

Showing logs for build [32mcb-kubecd-bdd-gh-1595786532-mas-pdxcs-1[0m stage [32mfrom-build-pack[0m and container [32mstep-place-tools[0m

Showing logs for build [32mcb-kubecd-bdd-gh-1595786532-mas-pdxcs-1[0m stage [32mfrom-build-pack[0m and container [32mstep-git-source-cb-kubecd-bdd-gh-1595786532-mas-pdxcs-zcm4p[0m
{"level":"info","ts":1595787201.5046773,"logger":"fallback-logger","caller":"logging/config.go:69","msg":"Fetch GitHub commit ID from kodata failed: open /var/run/ko/refs/heads/0.8.0-ns-support: no such file or directory"}
{"level":"info","ts":1595787202.73537,"logger":"fallback-logger","caller":"git/git.go:103","msg":"Successfully cloned https://github.com/cb-kubecd/bdd-gh-1595786532.git @ v0.0.2 in path /workspace/source"}

Showing logs for build [32mcb-kubecd-bdd-gh-1595786532-mas-pdxcs-1[0m stage [32mfrom-build-pack[0m and container [32mstep-setup-builder-home[0m

Showing logs for build [32mcb-kubecd-bdd-gh-1595786532-mas-pdxcs-1[0m stage [32mfrom-build-pack[0m and container [32mstep-git-merge[0m
Using SHAs from PULL_REFS=master:
WARNING: no SHAs to merge, falling back to initial cloned commit

Showing logs for build [32mcb-kubecd-bdd-gh-1595786532-mas-pdxcs-1[0m stage [32mfrom-build-pack[0m and container [32mstep-setup-jx-git-credentials[0m
Generated Git credentials file /workspace/xdg_config/git/credentials

Showing logs for build [32mcb-kubecd-bdd-gh-1595786532-mas-pdxcs-1[0m stage [32mfrom-build-pack[0m and container [32mstep-build-make-build[0m
CGO_ENABLED=0 GO15VENDOREXPERIMENT=1 go build -ldflags '' -o bin/bdd-gh-1595786532 main.go

Showing logs for build [32mcb-kubecd-bdd-gh-1595786532-mas-pdxcs-1[0m stage [32mfrom-build-pack[0m and container [32mstep-build-container-build[0m
ERROR: logging before flag.Parse: E0726 18:13:30.800115      10 metadata.go:241] Failed to unmarshal scopes: json: cannot unmarshal string into Go value of type []string
[36mINFO[0m[0000] Resolved base name scratch to scratch        
[36mINFO[0m[0000] Using dockerignore file: /workspace/source/.dockerignore 
[36mINFO[0m[0000] Resolved base name scratch to scratch        
[36mINFO[0m[0000] Built cross stage deps: map[]                
[36mINFO[0m[0000] No base image, nothing to extract            
[36mINFO[0m[0000] cmd: EXPOSE                                  
[36mINFO[0m[0000] Adding exposed port: 8080/tcp                
[36mINFO[0m[0000] Checking for cached layer gcr.io/jenkins-x-labs-bdd/cache:24d7f97660487994bf1bb02b9c81b35191f58906117eb1c9898bae8976abc583... 
[36mINFO[0m[0000] No cached layer found for cmd COPY ./bin/ /  
[36mINFO[0m[0000] Unpacking rootfs as cmd COPY ./bin/ / requires it. 
[36mINFO[0m[0000] Taking snapshot of full filesystem...        
[36mINFO[0m[0000] Resolving paths                              
[36mINFO[0m[0000] EXPOSE 8080                                  
[36mINFO[0m[0000] cmd: EXPOSE                                  
[36mINFO[0m[0000] Adding exposed port: 8080/tcp                
[36mINFO[0m[0000] No files changed in this command, skipping snapshotting. 
[36mINFO[0m[0000] ENTRYPOINT ["/bdd-gh-1595786532"]            
[36mINFO[0m[0000] No files changed in this command, skipping snapshotting. 
[36mINFO[0m[0000] COPY ./bin/ /                                
[36mINFO[0m[0001] Resolving paths                              
[36mINFO[0m[0001] Taking snapshot of files...                  
[36mINFO[0m[0001] Pushing layer gcr.io/jenkins-x-labs-bdd/cache:24d7f97660487994bf1bb02b9c81b35191f58906117eb1c9898bae8976abc583 to cache now 

Showing logs for build [32mcb-kubecd-bdd-gh-1595786532-mas-pdxcs-1[0m stage [32mfrom-build-pack[0m and container [32mstep-promote-changelog[0m
Converted /workspace/source/charts/bdd-gh-1595786532 to an unshallow repository
Generating change log from git ref b162b17d49de74c421532330f5be8e69d8c979f2 => 1bb96764f2f03856b271033d538b9dffdd3e41b6
Associating user x-0 in users.jenkins.io with email jenkins-x@googlegroups.com to git GitProvider user with login -0 as emails match
Adding label jenkins.io/git-github-userid=-0 to user x-0 in users.jenkins.io
WARNING: Failed to enrich commit 65a9464dadcffd3015721d3fff386810b69a1826 with issues: User.jenkins.io "x-0" is invalid: metadata.labels: Invalid value: "-0": a valid label must be an empty string or consist of alphanumeric characters, '-', '_' or '.', and must start and end with an alphanumeric character (e.g. 'MyValue',  or 'my_value',  or '12345', regex used for validation is '(([A-Za-z0-9][-A-Za-z0-9_.]*)?[A-Za-z0-9])?')
Finding issues in commit messages using git format
WARNING: No release found for cb-kubecd/bdd-gh-1595786532 and tag v0.0.2 so creating a new release
Updated the release information at https://github.com/cb-kubecd/bdd-gh-1595786532/releases/tag/v0.0.2
generated: /workspace/source/charts/bdd-gh-1595786532/templates/release.yaml
Created Release bdd-gh-1595786532-0-0-2 resource in namespace **
Updating PipelineActivity cb-kubecd-bdd-gh-1595786532-master-1 with version 0.0.2
Updated PipelineActivities cb-kubecd-bdd-gh-1595786532-master-1 with release notes URL: https://github.com/cb-kubecd/bdd-gh-1595786532/releases/tag/v0.0.2

Showing logs for build [32mcb-kubecd-bdd-gh-1595786532-mas-pdxcs-1[0m stage [32mfrom-build-pack[0m and container [32mstep-promote-helm-release[0m
WARNING: No $CHART_REPOSITORY defined so using the default value of: http://jenkins-x-chartmuseum:8080
Adding missing Helm repo: storage.googleapis.com https://storage.googleapis.com/chartmuseum.jenkins-x.io
Successfully added Helm repository storage.googleapis.com.
Adding missing Helm repo: jenkins-x-chartmuseum http://jenkins-x-chartmuseum:8080
Successfully added Helm repository jenkins-x-chartmuseum.
WARNING: No $CHART_REPOSITORY defined so using the default value of: http://jenkins-x-chartmuseum:8080
Uploading chart file bdd-gh-1595786532-0.0.2.tgz to http://jenkins-x-chartmuseum:8080/api/charts
Received 201 response: {"saved":true}

Showing logs for build [32mcb-kubecd-bdd-gh-1595786532-mas-pdxcs-1[0m stage [32mfrom-build-pack[0m and container [32mstep-promote-jx-promote[0m
defaulting to the version 0.0.2 from $VERSION
loading version stream URL https://github.com/jenkins-x/**r-versions.git ref ea6caf3a6e107ff11b8211cf89f44affb960d75f
checking out ref ea6caf3a6e107ff11b8211cf89f44affb960d75f
error: failed to lazy load the EnvironmentContext: failed to create VersionResolver: failed to clone URL https://github.com/jenkins-x/**r-versions.git: failed to checkout ref ea6caf3a6e107ff11b8211cf89f44affb960d75f in repository https://github.com/jenkins-x/**r-versions.git: failed to clone ref ea6caf3a6e107ff11b8211cf89f44affb960d75f: git output: fatal: reference is not a tree: ea6caf3a6e107ff11b8211cf89f44affb960d75f: failed to run 'git checkout ea6caf3a6e107ff11b8211cf89f44affb960d75f' command in directory '/tmp/**-promote-373788074', output: 'fatal: reference is not a tree: ea6caf3a6e107ff11b8211cf89f44affb960d75f'
[31m
Pipeline failed on stage 'from-build-pack' : container 'step-promote-jx-promote'. The execution of the pipeline has stopped.[0m
